TN:
SF:routes.js
FN:3,(anonymous_0)
FN:6,(anonymous_1)
FN:7,(anonymous_2)
FN:10,(anonymous_3)
FNF:4
FNH:1
FNDA:5,(anonymous_0)
FNDA:0,(anonymous_1)
FNDA:0,(anonymous_2)
FNDA:0,(anonymous_3)
DA:2,2
DA:3,2
DA:4,5
DA:5,5
DA:6,0
DA:7,0
DA:9,5
DA:10,0
LF:8
LH:5
BRF:0
BRH:0
end_of_record
TN:
SF:todoController.js
FN:10,(anonymous_0)
FN:17,(anonymous_1)
FN:23,(anonymous_2)
FN:41,(anonymous_3)
FN:53,(anonymous_4)
FN:54,(anonymous_5)
FN:65,(anonymous_6)
FN:91,(anonymous_7)
FNF:8
FNH:8
FNDA:14,(anonymous_0)
FNDA:2,(anonymous_1)
FNDA:2,(anonymous_2)
FNDA:2,(anonymous_3)
FNDA:4,(anonymous_4)
FNDA:4,(anonymous_5)
FNDA:9,(anonymous_6)
FNDA:8,(anonymous_7)
DA:2,3
DA:4,3
DA:6,3
DA:7,3
DA:11,14
DA:12,14
DA:13,14
DA:18,2
DA:20,2
DA:26,2
DA:27,2
DA:31,2
DA:33,2
DA:34,2
DA:36,2
DA:38,2
DA:42,2
DA:43,2
DA:44,2
DA:45,2
DA:47,2
DA:49,2
DA:50,2
DA:54,4
DA:55,4
DA:56,4
DA:66,9
DA:67,9
DA:68,2
DA:86,2
DA:88,9
DA:92,8
DA:96,3
LF:33
LH:33
BRDA:67,0,0,2
BRDA:67,0,1,7
BRF:2
BRH:2
end_of_record
